::1 - - [02/Jul/2022:19:31:41 +0000] "POST /register HTTP/1.1" 404 148 "-" "PostmanRuntime/7.29.0"
::1 - - [02/Jul/2022:19:33:35 +0000] "POST /register HTTP/1.1" 404 148 "-" "PostmanRuntime/7.29.0"
::1 - - [02/Jul/2022:19:34:08 +0000] "POST /register HTTP/1.1" 404 148 "-" "PostmanRuntime/7.29.0"
::1 - - [02/Jul/2022:19:36:57 +0000] "POST /register HTTP/1.1" 404 148 "-" "PostmanRuntime/7.29.0"
::1 - - [02/Jul/2022:19:37:40 +0000] "POST /register HTTP/1.1" 404 148 "-" "PostmanRuntime/7.29.0"
::1 - - [02/Jul/2022:19:38:22 +0000] "POST /register HTTP/1.1" 400 21 "-" "PostmanRuntime/7.29.0"
::1 - - [02/Jul/2022:19:48:50 +0000] "POST /register HTTP/1.1" 400 21 "-" "PostmanRuntime/7.29.0"
::1 - - [02/Jul/2022:19:52:01 +0000] "POST /register HTTP/1.1" 400 21 "-" "PostmanRuntime/7.29.0"
::1 - - [02/Jul/2022:20:30:30 +0000] "POST /register HTTP/1.1" 404 148 "-" "PostmanRuntime/7.29.0"
::1 - - [02/Jul/2022:20:31:39 +0000] "POST /register HTTP/1.1" 400 21 "-" "PostmanRuntime/7.29.0"
::1 - - [02/Jul/2022:20:36:28 +0000] "POST /register HTTP/1.1" 400 21 "-" "PostmanRuntime/7.29.0"
::1 - - [02/Jul/2022:20:41:32 +0000] "POST /register HTTP/1.1" 400 21 "-" "PostmanRuntime/7.29.0"
::1 - - [02/Jul/2022:21:03:11 +0000] "POST /register HTTP/1.1" 201 378 "-" "PostmanRuntime/7.29.0"
::1 - - [02/Jul/2022:21:39:04 +0000] "POST /login HTTP/1.1" 400 1208 "-" "PostmanRuntime/7.29.0"
::1 - - [02/Jul/2022:21:39:14 +0000] "POST /login HTTP/1.1" 404 145 "-" "PostmanRuntime/7.29.0"
::1 - - [02/Jul/2022:21:39:48 +0000] "POST /login HTTP/1.1" 400 378 "-" "PostmanRuntime/7.29.0"
::1 - - [02/Jul/2022:21:53:04 +0000] "POST /login HTTP/1.1" 200 378 "-" "PostmanRuntime/7.29.0"
::1 - - [02/Jul/2022:21:53:56 +0000] "POST /register HTTP/1.1" 201 379 "-" "PostmanRuntime/7.29.0"
::1 - - [02/Jul/2022:21:54:38 +0000] "POST /login HTTP/1.1" 200 379 "-" "PostmanRuntime/7.29.0"
::1 - - [02/Jul/2022:21:54:59 +0000] "POST /Users HTTP/1.1" 500 19 "-" "PostmanRuntime/7.29.0"
::1 - - [02/Jul/2022:21:55:05 +0000] "POST /users HTTP/1.1" 500 19 "-" "PostmanRuntime/7.29.0"
::1 - - [02/Jul/2022:21:55:16 +0000] "POST /users HTTP/1.1" 200 42 "-" "PostmanRuntime/7.29.0"
::1 - - [02/Jul/2022:21:55:24 +0000] "POST /user HTTP/1.1" 500 19 "-" "PostmanRuntime/7.29.0"
::1 - - [02/Jul/2022:21:56:06 +0000] "GET /users HTTP/1.1" 200 539 "-" "PostmanRuntime/7.29.0"
::1 - - [02/Jul/2022:21:56:29 +0000] "GET /users HTTP/1.1" 200 496 "-" "PostmanRuntime/7.29.0"
::1 - - [02/Jul/2022:21:56:46 +0000] "GET /user HTTP/1.1" 200 496 "-" "PostmanRuntime/7.29.0"
::1 - - [02/Jul/2022:22:13:02 +0000] "POST /register HTTP/1.1" 201 382 "-" "PostmanRuntime/7.29.0"
::1 - - [02/Jul/2022:22:14:14 +0000] "POST /home HTTP/1.1" 403 38 "-" "PostmanRuntime/7.29.0"
::1 - - [02/Jul/2022:22:14:24 +0000] "POST /home HTTP/1.1" 200 14 "-" "PostmanRuntime/7.29.0"
::1 - - [02/Jul/2022:22:15:13 +0000] "POST /home HTTP/1.1" 200 14 "-" "PostmanRuntime/7.29.0"
